Build started 10/13/2015 5:21:22 PM.
     1>Project "C:\Users\Jeff\documents\visual studio 2015\Projects\TopicD\TopicD\TopicD.vcxproj" on node 2 (Build target(s)).
     1>ClCompile:
         C:\Program Files (x86)\Microsoft Visual Studio 14.0\VC\bin\CL.exe /c /ZI /nologo /W3 /WX- /Od /Oy- /D WIN32 /D _DEBUG /D _CONSOLE /D _UNICODE /D UNICODE /Gm /EHsc /RTC1 /MDd /GS /fp:precise /Zc:wchar_t /Zc:forScope /Zc:inline /Fo"Debug\\" /Fd"Debug\vc140.pdb" /Gd /TP /analyze- /errorReport:prompt TopicD.cpp
         TopicD.cpp
     1>c:\users\jeff\documents\visual studio 2015\projects\topicd\topicd\binarynodetree.h(168): error C3867: 'BinaryNodeTree<int>::findNode': non-standard syntax; use '&' to create a pointer to member
         c:\users\jeff\documents\visual studio 2015\projects\topicd\topicd\binarynodetree.h(162): note: while compiling class template member function 'BinaryNode<ItemType> *BinaryNodeTree<ItemType>::findNode(BinaryNode<ItemType> *,const ItemType &,bool &) const'
                 with
                 [
                     ItemType=int
                 ]
         c:\users\jeff\documents\visual studio 2015\projects\topicd\topicd\binarynodetree.h(393): note: see reference to function template instantiation 'BinaryNode<ItemType> *BinaryNodeTree<ItemType>::findNode(BinaryNode<ItemType> *,const ItemType &,bool &) const' being compiled
                 with
                 [
                     ItemType=int
                 ]
         c:\users\jeff\documents\visual studio 2015\projects\topicd\topicd\binarynodetree.h(213): note: while compiling class template member function 'void BinaryNodeTree<int>::destroyTree(BinaryNode<ItemType> *)'
                 with
                 [
                     ItemType=int
                 ]
         c:\users\jeff\documents\visual studio 2015\projects\topicd\topicd\binarynodetree.h(316): note: see reference to function template instantiation 'void BinaryNodeTree<int>::destroyTree(BinaryNode<ItemType> *)' being compiled
                 with
                 [
                     ItemType=int
                 ]
         c:\users\jeff\documents\visual studio 2015\projects\topicd\topicd\binarynodetree.h(287): note: while compiling class template member function 'BinaryNodeTree<int>::BinaryNodeTree(void)'
         c:\users\jeff\documents\visual studio 2015\projects\topicd\topicd\topicd.cpp(19): note: see reference to function template instantiation 'BinaryNodeTree<int>::BinaryNodeTree(void)' being compiled
         c:\users\jeff\documents\visual studio 2015\projects\topicd\topicd\topicd.cpp(19): note: see reference to class template instantiation 'BinaryNodeTree<int>' being compiled
     1>c:\users\jeff\documents\visual studio 2015\projects\topicd\topicd\binarynodetree.h(168): error C2298: missing call to bound pointer to member function
     1>Done Building Project "C:\Users\Jeff\documents\visual studio 2015\Projects\TopicD\TopicD\TopicD.vcxproj" (Build target(s)) -- FAILED.

Build FAILED.

Time Elapsed 00:00:00.60
